Determining if the pthread_create exist failed with the following output:
Change Dir: /home/vincent/Desktop/code/timerCallback/build/CMakeFiles/CMakeTmp

Run Build Command:"/usr/bin/make" "cmTC_0d7fd/fast"
/usr/bin/make -f CMakeFiles/cmTC_0d7fd.dir/build.make CMakeFiles/cmTC_0d7fd.dir/build
make[1]: Entering directory '/home/vincent/Desktop/code/timerCallback/build/CMakeFiles/CMakeTmp'
Building C object CMakeFiles/cmTC_0d7fd.dir/CheckSymbolExists.c.o
/usr/bin/cc    -o CMakeFiles/cmTC_0d7fd.dir/CheckSymbolExists.c.o   -c /home/vincent/Desktop/code/timerCallback/build/CMakeFiles/CMakeTmp/CheckSymbolExists.c
Linking C executable cmTC_0d7fd
/usr/bin/cmake -E cmake_link_script CMakeFiles/cmTC_0d7fd.dir/link.txt --verbose=1
/usr/bin/cc      CMakeFiles/cmTC_0d7fd.dir/CheckSymbolExists.c.o  -o cmTC_0d7fd 
/usr/bin/ld: CMakeFiles/cmTC_0d7fd.dir/CheckSymbolExists.c.o: in function `main':
CheckSymbolExists.c:(.text+0x1f): undefined reference to `pthread_create'
collect2: error: ld returned 1 exit status
make[1]: *** [CMakeFiles/cmTC_0d7fd.dir/build.make:87: cmTC_0d7fd] Error 1
make[1]: Leaving directory '/home/vincent/Desktop/code/timerCallback/build/CMakeFiles/CMakeTmp'
make: *** [Makefile:121: cmTC_0d7fd/fast] Error 2

File /home/vincent/Desktop/code/timerCallback/build/CMakeFiles/CMakeTmp/CheckSymbolExists.c:
/* */
#include <pthread.h>

int main(int argc, char** argv)
{
  (void)argv;
#ifndef pthread_create
  return ((int*)(&pthread_create))[argc];
#else
  (void)argc;
  return 0;
#endif
}

Determining if the function pthread_create exists in the pthreads failed with the following output:
Change Dir: /home/vincent/Desktop/code/timerCallback/build/CMakeFiles/CMakeTmp

Run Build Command:"/usr/bin/make" "cmTC_ff3e7/fast"
/usr/bin/make -f CMakeFiles/cmTC_ff3e7.dir/build.make CMakeFiles/cmTC_ff3e7.dir/build
make[1]: Entering directory '/home/vincent/Desktop/code/timerCallback/build/CMakeFiles/CMakeTmp'
Building C object CMakeFiles/cmTC_ff3e7.dir/CheckFunctionExists.c.o
/usr/bin/cc   -DCHECK_FUNCTION_EXISTS=pthread_create   -o CMakeFiles/cmTC_ff3e7.dir/CheckFunctionExists.c.o   -c /usr/share/cmake-3.13/Modules/CheckFunctionExists.c
Linking C executable cmTC_ff3e7
/usr/bin/cmake -E cmake_link_script CMakeFiles/cmTC_ff3e7.dir/link.txt --verbose=1
/usr/bin/cc  -DCHECK_FUNCTION_EXISTS=pthread_create    CMakeFiles/cmTC_ff3e7.dir/CheckFunctionExists.c.o  -o cmTC_ff3e7 -lpthreads 
/usr/bin/ld: cannot find -lpthreads
collect2: error: ld returned 1 exit status
make[1]: *** [CMakeFiles/cmTC_ff3e7.dir/build.make:87: cmTC_ff3e7] Error 1
make[1]: Leaving directory '/home/vincent/Desktop/code/timerCallback/build/CMakeFiles/CMakeTmp'
make: *** [Makefile:121: cmTC_ff3e7/fast] Error 2


